build/library/umeng/intermediates/manifest_merge_blame_file/debug/manifest-merger-blame-debug-report.txt
1<?xml version="1.0" encoding="utf-8"?>
2<manifest xmlns:android="http://schemas.android.com/apk/res/android"
3    xmlns:tools="http://schemas.android.com/tools"
4    package="com.hjq.umeng"
5    android:versionCode="11"
6    android:versionName="1.0.1" >
7
8    <uses-sdk
9        android:minSdkVersion="21"
9-->src/main/AndroidManifest.xml
10        android:targetSdkVersion="30" />
10-->src/main/AndroidManifest.xml
11
12    <!-- 共同权限 -->
13    <uses-permission android:name="android.permission.INTERNET" />
13-->src/main/AndroidManifest.xml:6:5-67
13-->src/main/AndroidManifest.xml:6:22-64
14    <uses-permission android:name="android.permission.ACCESS_WIFI_STATE" />
14-->src/main/AndroidManifest.xml:7:5-76
14-->src/main/AndroidManifest.xml:7:22-73
15    <uses-permission android:name="android.permission.ACCESS_NETWORK_STATE" />
15-->src/main/AndroidManifest.xml:8:5-79
15-->src/main/AndroidManifest.xml:8:22-76
16
17    <!-- 友盟统计 -->
18    <uses-permission android:name="android.permission.READ_PHONE_STATE" />
18-->src/main/AndroidManifest.xml:11:5-75
18-->src/main/AndroidManifest.xml:11:22-72
19
20    <!-- 友盟社会化 -->
21    <uses-permission android:name="android.permission.READ_EXTERNAL_STORAGE" />
21-->src/main/AndroidManifest.xml:14:5-80
21-->src/main/AndroidManifest.xml:14:22-77
22    <uses-permission android:name="android.permission.WRITE_EXTERNAL_STORAGE" />
22-->src/main/AndroidManifest.xml:15:5-81
22-->src/main/AndroidManifest.xml:15:22-78
23
24    <!-- Android 11 软件包可见性适配：https://developer.android.google.cn/about/versions/11/privacy/package-visibility -->
25    <queries>
25-->src/main/AndroidManifest.xml:69:5-74:15
26
27        <!-- 手机 QQ 的包名 -->
28        <package android:name="com.tencent.mobileqq" />
28-->src/main/AndroidManifest.xml:71:9-56
28-->src/main/AndroidManifest.xml:71:18-53
29        <!-- 微信的包名 -->
30        <package android:name="com.tencent.mm" />
30-->src/main/AndroidManifest.xml:73:9-50
30-->src/main/AndroidManifest.xml:73:18-47
31    </queries>
32
33    <application>
33-->src/main/AndroidManifest.xml:17:5-66:19
34
35        <!-- 友盟 Key（请在 Gradle 中配置，请不要在此处修改） -->
36        <meta-data
37            android:name="UM_KEY"
37-->src/main/AndroidManifest.xml:21:13-34
38            android:value="61e8b19ee014255fcbf77477" />
38-->src/main/AndroidManifest.xml:22:13-38
39
40        <!-- QQ AppId（请在 Gradle 中配置，请不要在此处修改） -->
41        <meta-data
42            android:name="QQ_ID"
42-->src/main/AndroidManifest.xml:26:13-33
43            android:value="101828096" />
43-->src/main/AndroidManifest.xml:27:13-37
44        <!-- QQ Secret（请在 Gradle 中配置，请不要在此处修改） -->
45        <meta-data
46            android:name="QQ_SECRET"
46-->src/main/AndroidManifest.xml:30:13-37
47            android:value="9dfd3300c3aa3c4596a07796c64914b2" />
47-->src/main/AndroidManifest.xml:31:13-41
48
49        <!-- 微信 AppId（请在 Gradle 中配置，请不要在此处修改） -->
50        <meta-data
51            android:name="WX_ID"
51-->src/main/AndroidManifest.xml:35:13-33
52            android:value="wx1e91399d09c1cd9a" />
52-->src/main/AndroidManifest.xml:36:13-37
53        <!-- 微信 Secret（请在 Gradle 中配置，请不要在此处修改） -->
54        <meta-data
55            android:name="WX_SECRET"
55-->src/main/AndroidManifest.xml:39:13-37
56            android:value="9932a78c15dcdaa61f72fe58ad3e6b8c" />
56-->src/main/AndroidManifest.xml:40:13-41
57
58        <!-- 友盟社会化 -->
59
60
61        <!-- QQ 回调 -->
62        <activity
62-->src/main/AndroidManifest.xml:45:9-58:20
63            android:name="com.tencent.tauth.AuthActivity"
63-->src/main/AndroidManifest.xml:46:13-58
64            android:launchMode="singleTask"
64-->src/main/AndroidManifest.xml:47:13-44
65            android:noHistory="true"
65-->src/main/AndroidManifest.xml:48:13-37
66            tools:node="replace" >
66-->src/main/AndroidManifest.xml:49:13-33
67            <intent-filter>
67-->src/main/AndroidManifest.xml:50:13-57:29
68                <action android:name="android.intent.action.VIEW" />
68-->src/main/AndroidManifest.xml:51:17-69
68-->src/main/AndroidManifest.xml:51:25-66
69
70                <category android:name="android.intent.category.DEFAULT" />
70-->src/main/AndroidManifest.xml:53:17-76
70-->src/main/AndroidManifest.xml:53:27-73
71                <category android:name="android.intent.category.BROWSABLE" />
71-->src/main/AndroidManifest.xml:54:17-78
71-->src/main/AndroidManifest.xml:54:27-75
72
73                <data android:scheme="tencent101828096" />
73-->src/main/AndroidManifest.xml:56:23-55
74            </intent-filter>
75        </activity>
76        <activity
76-->src/main/AndroidManifest.xml:60:9-64:36
77            android:name="com.tencent.connect.common.AssistActivity"
77-->src/main/AndroidManifest.xml:61:13-69
78            android:configChanges="orientation|keyboardHidden"
78-->src/main/AndroidManifest.xml:62:13-63
79            android:theme="@android:style/Theme.Translucent.NoTitleBar"
79-->src/main/AndroidManifest.xml:63:13-72
80            tools:node="replace" />
80-->src/main/AndroidManifest.xml:64:13-33
81    </application>
82
83</manifest>